have_library: checking for socket() in -lsocket... -------------------- no

"gcc -o conftest -I/home/michael/.rvm/rubies/ruby-2.4.0/include/ruby-2.4.0/x86_64-linux -I/home/michael/.rvm/rubies/ruby-2.4.0/include/ruby-2.4.0/ruby/backward -I/home/michael/.rvm/rubies/ruby-2.4.0/include/ruby-2.4.0 -I.    -I/usr/local/include conftest.c  -L. -L/home/michael/.rvm/rubies/ruby-2.4.0/lib -Wl,-R/home/michael/.rvm/rubies/ruby-2.4.0/lib -L/usr/local/lib     -Wl,-rpath,'/../lib' -Wl,-R'/../lib' -lruby  -lpthread -ldl -lcrypt -lm   -lc"
checked program was:
/* begin */
1: #include "ruby.h"
2: 
3: int main(int argc, char **argv)
4: {
5:   return 0;
6: }
/* end */

"gcc -o conftest -I/home/michael/.rvm/rubies/ruby-2.4.0/include/ruby-2.4.0/x86_64-linux -I/home/michael/.rvm/rubies/ruby-2.4.0/include/ruby-2.4.0/ruby/backward -I/home/michael/.rvm/rubies/ruby-2.4.0/include/ruby-2.4.0 -I.    -I/usr/local/include conftest.c  -L. -L/home/michael/.rvm/rubies/ruby-2.4.0/lib -Wl,-R/home/michael/.rvm/rubies/ruby-2.4.0/lib -L/usr/local/lib     -Wl,-rpath,'/../lib' -Wl,-R'/../lib' -lruby -lsocket  -lpthread -ldl -lcrypt -lm   -lc"
conftest.c: In function ‘t’:
conftest.c:13:57: error: ‘socket’ undeclared (first use in this function)
 int t(void) { void ((*volatile p)()); p = (void ((*)()))socket; return !p; }
                                                         ^
conftest.c:13:57: note: each undeclared identifier is reported only once for each function it appears in
checked program was:
/* begin */
 1: #include "ruby.h"
 2: 
 3: /*top*/
 4: extern int t(void);
 5: int main(int argc, char **argv)
 6: {
 7:   if (argc > 1000000) {
 8:     printf("%p", &t);
 9:   }
10: 
11:   return 0;
12: }
13: int t(void) { void ((*volatile p)()); p = (void ((*)()))socket; return !p; }
/* end */

"gcc -o conftest -I/home/michael/.rvm/rubies/ruby-2.4.0/include/ruby-2.4.0/x86_64-linux -I/home/michael/.rvm/rubies/ruby-2.4.0/include/ruby-2.4.0/ruby/backward -I/home/michael/.rvm/rubies/ruby-2.4.0/include/ruby-2.4.0 -I.    -I/usr/local/include conftest.c  -L. -L/home/michael/.rvm/rubies/ruby-2.4.0/lib -Wl,-R/home/michael/.rvm/rubies/ruby-2.4.0/lib -L/usr/local/lib     -Wl,-rpath,'/../lib' -Wl,-R'/../lib' -lruby -lsocket  -lpthread -ldl -lcrypt -lm   -lc"
/usr/bin/ld: cannot find -lsocket
collect2: error: ld returned 1 exit status
checked program was:
/* begin */
 1: #include "ruby.h"
 2: 
 3: /*top*/
 4: extern int t(void);
 5: int main(int argc, char **argv)
 6: {
 7:   if (argc > 1000000) {
 8:     printf("%p", &t);
 9:   }
10: 
11:   return 0;
12: }
13: extern void socket();
14: int t(void) { socket(); return 0; }
/* end */

--------------------

have_library: checking for gethostbyname() in -lxnet... -------------------- no

"gcc -o conftest -I/home/michael/.rvm/rubies/ruby-2.4.0/include/ruby-2.4.0/x86_64-linux -I/home/michael/.rvm/rubies/ruby-2.4.0/include/ruby-2.4.0/ruby/backward -I/home/michael/.rvm/rubies/ruby-2.4.0/include/ruby-2.4.0 -I.    -I/usr/local/include conftest.c  -L. -L/home/michael/.rvm/rubies/ruby-2.4.0/lib -Wl,-R/home/michael/.rvm/rubies/ruby-2.4.0/lib -L/usr/local/lib     -Wl,-rpath,'/../lib' -Wl,-R'/../lib' -lruby -lxnet  -lpthread -ldl -lcrypt -lm   -lc"
conftest.c: In function ‘t’:
conftest.c:13:57: error: ‘gethostbyname’ undeclared (first use in this function)
 int t(void) { void ((*volatile p)()); p = (void ((*)()))gethostbyname; return !p; }
                                                         ^
conftest.c:13:57: note: each undeclared identifier is reported only once for each function it appears in
checked program was:
/* begin */
 1: #include "ruby.h"
 2: 
 3: /*top*/
 4: extern int t(void);
 5: int main(int argc, char **argv)
 6: {
 7:   if (argc > 1000000) {
 8:     printf("%p", &t);
 9:   }
10: 
11:   return 0;
12: }
13: int t(void) { void ((*volatile p)()); p = (void ((*)()))gethostbyname; return !p; }
/* end */

"gcc -o conftest -I/home/michael/.rvm/rubies/ruby-2.4.0/include/ruby-2.4.0/x86_64-linux -I/home/michael/.rvm/rubies/ruby-2.4.0/include/ruby-2.4.0/ruby/backward -I/home/michael/.rvm/rubies/ruby-2.4.0/include/ruby-2.4.0 -I.    -I/usr/local/include conftest.c  -L. -L/home/michael/.rvm/rubies/ruby-2.4.0/lib -Wl,-R/home/michael/.rvm/rubies/ruby-2.4.0/lib -L/usr/local/lib     -Wl,-rpath,'/../lib' -Wl,-R'/../lib' -lruby -lxnet  -lpthread -ldl -lcrypt -lm   -lc"
/usr/bin/ld: cannot find -lxnet
collect2: error: ld returned 1 exit status
checked program was:
/* begin */
 1: #include "ruby.h"
 2: 
 3: /*top*/
 4: extern int t(void);
 5: int main(int argc, char **argv)
 6: {
 7:   if (argc > 1000000) {
 8:     printf("%p", &t);
 9:   }
10: 
11:   return 0;
12: }
13: extern void gethostbyname();
14: int t(void) { gethostbyname(); return 0; }
/* end */

--------------------

have_func: checking for hstrerror()... -------------------- yes

"gcc -o conftest -I/home/michael/.rvm/rubies/ruby-2.4.0/include/ruby-2.4.0/x86_64-linux -I/home/michael/.rvm/rubies/ruby-2.4.0/include/ruby-2.4.0/ruby/backward -I/home/michael/.rvm/rubies/ruby-2.4.0/include/ruby-2.4.0 -I.    -I/usr/local/include conftest.c  -L. -L/home/michael/.rvm/rubies/ruby-2.4.0/lib -Wl,-R/home/michael/.rvm/rubies/ruby-2.4.0/lib -L/usr/local/lib     -Wl,-rpath,'/../lib' -Wl,-R'/../lib' -lruby  -lpthread -ldl -lcrypt -lm   -lc"
conftest.c: In function ‘t’:
conftest.c:13:57: error: ‘hstrerror’ undeclared (first use in this function)
 int t(void) { void ((*volatile p)()); p = (void ((*)()))hstrerror; return !p; }
                                                         ^
conftest.c:13:57: note: each undeclared identifier is reported only once for each function it appears in
checked program was:
/* begin */
 1: #include "ruby.h"
 2: 
 3: /*top*/
 4: extern int t(void);
 5: int main(int argc, char **argv)
 6: {
 7:   if (argc > 1000000) {
 8:     printf("%p", &t);
 9:   }
10: 
11:   return 0;
12: }
13: int t(void) { void ((*volatile p)()); p = (void ((*)()))hstrerror; return !p; }
/* end */

"gcc -o conftest -I/home/michael/.rvm/rubies/ruby-2.4.0/include/ruby-2.4.0/x86_64-linux -I/home/michael/.rvm/rubies/ruby-2.4.0/include/ruby-2.4.0/ruby/backward -I/home/michael/.rvm/rubies/ruby-2.4.0/include/ruby-2.4.0 -I.    -I/usr/local/include conftest.c  -L. -L/home/michael/.rvm/rubies/ruby-2.4.0/lib -Wl,-R/home/michael/.rvm/rubies/ruby-2.4.0/lib -L/usr/local/lib     -Wl,-rpath,'/../lib' -Wl,-R'/../lib' -lruby  -lpthread -ldl -lcrypt -lm   -lc"
checked program was:
/* begin */
 1: #include "ruby.h"
 2: 
 3: /*top*/
 4: extern int t(void);
 5: int main(int argc, char **argv)
 6: {
 7:   if (argc > 1000000) {
 8:     printf("%p", &t);
 9:   }
10: 
11:   return 0;
12: }
13: extern void hstrerror();
14: int t(void) { hstrerror(); return 0; }
/* end */

--------------------

have_header: checking for pcap.h... -------------------- no

"gcc -E -I/home/michael/.rvm/rubies/ruby-2.4.0/include/ruby-2.4.0/x86_64-linux -I/home/michael/.rvm/rubies/ruby-2.4.0/include/ruby-2.4.0/ruby/backward -I/home/michael/.rvm/rubies/ruby-2.4.0/include/ruby-2.4.0 -I.    -I/usr/local/include  conftest.c -o conftest.i"
conftest.c:3:18: fatal error: pcap.h: No such file or directory
 #include <pcap.h>
                  ^
compilation terminated.
checked program was:
/* begin */
1: #include "ruby.h"
2: 
3: #include <pcap.h>
/* end */

--------------------

